<?xml version="1.0" encoding="UTF-8"?>
<!-- Generated by org.testng.reporters.JUnitXMLReporter -->
<testsuite hostname="INENLAKSHHL2C" ignored="0" name="TestFirefox" tests="4" failures="0" timestamp="24 Feb 2019 15:21:37 GMT" time="0.732" errors="0">
  <testcase name="@BeforeMethod preCondition" time="0.705" classname="com.auto.common.BasePage">
    <failure type="org.openqa.selenium.SessionNotCreatedException" message="Unable to find a matching set of capabilities
Build info: version: &amp;apos;3.141.59&amp;apos;, revision: &amp;apos;e82be7d358&amp;apos;, time: &amp;apos;2018-11-14T08:25:48&amp;apos;
System info: host: &amp;apos;INENLAKSHHL2C&amp;apos;, ip: &amp;apos;192.168.0.110&amp;apos;, os.name: &amp;apos;Windows 10&amp;apos;, os.arch: &amp;apos;amd64&amp;apos;, os.version: &amp;apos;10.0&amp;apos;, java.version: &amp;apos;1.8.0_151&amp;apos;
Driver info: driver.version: FirefoxDriver
remote stacktrace: ">
      <![CDATA[org.openqa.selenium.SessionNotCreatedException: Unable to find a matching set of capabilities
Build info: version: '3.141.59', revision: 'e82be7d358', time: '2018-11-14T08:25:48'
System info: host: 'INENLAKSHHL2C', ip: '192.168.0.110', os.name: 'Windows 10', os.arch: 'amd64', os.version: '10.0', java.version: '1.8.0_151'
Driver info: driver.version: FirefoxDriver
remote stacktrace: 
at org.openqa.selenium.remote.W3CHandshakeResponse.lambda$errorHandler$0(W3CHandshakeResponse.java:62)
at org.openqa.selenium.remote.HandshakeResponse.lambda$getResponseFunction$0(HandshakeResponse.java:30)
at org.openqa.selenium.remote.ProtocolHandshake.lambda$createSession$0(ProtocolHandshake.java:126)
at java.util.stream.ReferencePipeline$3$1.accept(ReferencePipeline.java:193)
at java.util.Spliterators$ArraySpliterator.tryAdvance(Spliterators.java:958)
at java.util.stream.ReferencePipeline.forEachWithCancel(ReferencePipeline.java:126)
at java.util.stream.AbstractPipeline.copyIntoWithCancel(AbstractPipeline.java:498)
at java.util.stream.AbstractPipeline.copyInto(AbstractPipeline.java:485)
at java.util.stream.AbstractPipeline.wrapAndCopyInto(AbstractPipeline.java:471)
at java.util.stream.FindOps$FindOp.evaluateSequential(FindOps.java:152)
at java.util.stream.AbstractPipeline.evaluate(AbstractPipeline.java:234)
at java.util.stream.ReferencePipeline.findFirst(ReferencePipeline.java:464)
at org.openqa.selenium.remote.ProtocolHandshake.createSession(ProtocolHandshake.java:128)
at org.openqa.selenium.remote.ProtocolHandshake.createSession(ProtocolHandshake.java:74)
at org.openqa.selenium.remote.HttpCommandExecutor.execute(HttpCommandExecutor.java:136)
at org.openqa.selenium.remote.service.DriverCommandExecutor.execute(DriverCommandExecutor.java:83)
at org.openqa.selenium.remote.RemoteWebDriver.execute(RemoteWebDriver.java:552)
at org.openqa.selenium.remote.RemoteWebDriver.startSession(RemoteWebDriver.java:213)
at org.openqa.selenium.remote.RemoteWebDriver.<init>(RemoteWebDriver.java:131)
at org.openqa.selenium.firefox.FirefoxDriver.<init>(FirefoxDriver.java:147)
at org.openqa.selenium.firefox.FirefoxDriver.<init>(FirefoxDriver.java:125)
at com.auto.common.BasePage.preCondition(BasePage.java:59)
at java.util.concurrent.FutureTask.run(FutureTask.java:266)
at java.util.concurrent.ThreadPoolExecutor.runWorker(ThreadPoolExecutor.java:1149)
at java.util.concurrent.ThreadPoolExecutor$Worker.run(ThreadPoolExecutor.java:624)
at java.lang.Thread.run(Thread.java:748)
... Removed 23 stack frames]]>
    </failure>
  </testcase> <!-- @BeforeMethod preCondition -->
  <testcase name="@AfterMethod postConditions" time="0.0" classname="com.auto.common.BasePage">
    <skipped/>
  </testcase> <!-- @AfterMethod postConditions -->
  <testcase name="@BeforeMethod preCondition" time="0.0" classname="com.auto.common.BasePage">
    <skipped/>
  </testcase> <!-- @BeforeMethod preCondition -->
  <testcase name="@AfterMethod postConditions" time="0.0" classname="com.auto.common.BasePage">
    <skipped/>
  </testcase> <!-- @AfterMethod postConditions -->
  <testcase name="@BeforeMethod preCondition" time="0.0" classname="com.auto.common.BasePage">
    <skipped/>
  </testcase> <!-- @BeforeMethod preCondition -->
  <testcase name="@AfterMethod postConditions" time="0.0" classname="com.auto.common.BasePage">
    <skipped/>
  </testcase> <!-- @AfterMethod postConditions -->
  <testcase name="@BeforeMethod preCondition" time="0.0" classname="com.auto.common.BasePage">
    <skipped/>
  </testcase> <!-- @BeforeMethod preCondition -->
  <testcase name="@AfterMethod postConditions" time="0.0" classname="com.auto.common.BasePage">
    <skipped/>
  </testcase> <!-- @AfterMethod postConditions -->
  <testcase name="testValidLoginLogout" time="0.0" classname="com.auto.scripts.ValidLoginLogout">
    <skipped/>
  </testcase> <!-- testValidLoginLogout -->
  <testcase name="testValidLoginLogoutTrainee" time="0.0" classname="com.auto.scripts.ValidLoginLogout">
    <skipped/>
  </testcase> <!-- testValidLoginLogoutTrainee -->
  <testcase name="testInValidLoginLogout" time="0.0" classname="com.auto.scripts.InValidLoginLogout">
    <skipped/>
  </testcase> <!-- testInValidLoginLogout -->
  <testcase name="testVerifyActitimePopup" time="0.0" classname="com.auto.scripts.VerifyActitimePopup">
    <skipped/>
  </testcase> <!-- testVerifyActitimePopup -->
</testsuite> <!-- TestFirefox -->
